11.5446 	EXP 	Set  sound=Correcto.wav
11.5448 	EXP 	Set Sound  volume=1.000
13.7017 	EXP 	Rect: autoLog = None
13.7017 	EXP 	Rect: units = None
13.7017 	EXP 	Rect: contrast = None
13.7017 	EXP 	Rect: opacity = None
13.7017 	EXP 	Rect: pos = None
13.7017 	EXP 	Rect: useShaders = None
13.7017 	EXP 	Set polygon.lineColor=[ 1.  1.  1.] (rgb)
13.7017 	EXP 	Set polygon.fillColor=[ 1.  1.  1.] (rgb)
13.7017 	EXP 	Rect: depth = None
13.7017 	EXP 	Rect: ori = None
13.7017 	EXP 	Rect: size = None
13.7017 	EXP 	Rect: size = None
13.7017 	EXP 	Rect: autoLog = None
13.7017 	EXP 	Rect: units = None
13.7017 	EXP 	Rect: contrast = None
13.7017 	EXP 	Rect: opacity = None
13.7017 	EXP 	Rect: pos = None
13.7017 	EXP 	Rect: useShaders = None
13.7017 	EXP 	Set polygon_2.lineColor=[ 1.  1.  1.] (rgb)
13.7017 	EXP 	Set polygon_2.fillColor=[ 1.  1.  1.] (rgb)
13.7017 	EXP 	Rect: depth = None
13.7017 	EXP 	Rect: ori = None
13.7017 	EXP 	Rect: size = None
13.7017 	EXP 	Rect: size = None
13.7017 	EXP 	Rect: autoDraw = None
13.7017 	EXP 	Rect: autoDraw = None
