12.5582 	EXP 	Set  sound=Correcto.wav
12.5584 	EXP 	Set Sound  volume=1.000
14.7211 	EXP 	Rect: autoLog = None
14.7211 	EXP 	Rect: units = None
14.7211 	EXP 	Rect: contrast = None
14.7211 	EXP 	Rect: opacity = None
14.7211 	EXP 	Rect: pos = None
14.7211 	EXP 	Rect: useShaders = None
14.7211 	EXP 	Set polygon.lineColor=[ 1.  1.  1.] (rgb)
14.7211 	EXP 	Set polygon.fillColor=[ 1.  1.  1.] (rgb)
14.7211 	EXP 	Rect: depth = None
14.7211 	EXP 	Rect: ori = None
14.7211 	EXP 	Rect: size = None
14.7211 	EXP 	Rect: size = None
14.7211 	EXP 	Rect: autoLog = None
14.7211 	EXP 	Rect: units = None
14.7211 	EXP 	Rect: contrast = None
14.7211 	EXP 	Rect: opacity = None
14.7211 	EXP 	Rect: pos = None
14.7211 	EXP 	Rect: useShaders = None
14.7211 	EXP 	Set polygon_2.lineColor=[ 1.  1.  1.] (rgb)
14.7211 	EXP 	Set polygon_2.fillColor=[ 1.  1.  1.] (rgb)
14.7211 	EXP 	Rect: depth = None
14.7211 	EXP 	Rect: ori = None
14.7211 	EXP 	Rect: size = None
14.7211 	EXP 	Rect: size = None
14.7211 	EXP 	Rect: autoDraw = None
14.7211 	EXP 	Rect: autoDraw = None
