26.5520 	ERROR 	Error in framebuffer activation
26.5520 	WARNING 	Framebuffer object (FBO) not supported on this graphics card
27.0621 	EXP 	Created window1 = Window(allowGUI=False, allowStencil=False, autoLog=True, bitsMode=UNKNOWN, blendMode='avg', color=array([ 0.,  0.,  0.]), colorSpace='rgb', fullscr=UNKNOWN, gamma=None, lms=UNKNOWN, monitor=<psychopy.monitors.calibTools.Monitor instance at 0x05266A80>, name='window1', pos=[0, 0], screen=0, size=array([1600,  900]), stereo=False, units=u'norm', useFBO=False, viewOri=0.0, viewPos=None, viewScale=None, waitBlanking=True, winType='pyglet')
27.0621 	EXP 	window1: recordFrameIntervals = False
27.2306 	EXP 	window1: recordFrameIntervals = True
27.4138 	EXP 	window1: recordFrameIntervals = False
27.4170 	EXP 	Created pol1 = ShapeStim(autoDraw=False, autoLog=True, closeShape=True, contrast=1.0, depth=0.0, fillColor=array([ 1.,  1.,  1.]), fillColorSpace='rgb', fillRGB=array([ 1.,  1.,  1.]), interpolate=True, lineColor=array([ 1.,  1.,  1.]), lineColorSpace='rgb', lineRGB=array([ 1.,  1.,  1.]), lineWidth=1, name='pol1', opacity=1.0, ori=array(0.0), pos=array([ 0.,  0.]), size=array([ 1.,  1.]), units=u'norm', vertices=ndarray(...), win=Window(...))
27.4204 	EXP 	Created pol2 = Polygon(autoDraw=False, autoLog=True, closeShape=True, contrast=1.0, depth=0.0, fillColor=array([ 1.,  1.,  1.]), fillColorSpace='rgb', fillRGB=array([ 1.,  1.,  1.]), interpolate=True, lineColor=array([ 1.,  1.,  1.]), lineColorSpace='rgb', lineRGB=array([ 1.,  1.,  1.]), lineWidth=1, name='pol2', opacity=1.0, ori=array(0.0), pos=array([ 0.,  0.]), size=array([ 0.5,  0.5]), units=u'norm', vertices=ndarray(...), win=Window(...))
27.4209 	EXP 	<method-wrapper '__getattribute__' of attributeSetter object at 0x04416470>: vertices = array([[-1.,  1.],
       [ 1.,  1.],
       [ 1., -1.],
       [-1., -1.]])
27.4239 	EXP 	Created polygon = Rect(autoDraw=False, autoLog=True, closeShape=True, contrast=1.0, depth=0.0, fillColor=array([ 1.,  1.,  1.]), fillColorSpace='rgb', fillRGB=array([ 1.,  1.,  1.]), interpolate=True, lineColor=array([ 1.,  1.,  1.]), lineColorSpace='rgb', lineRGB=array([ 1.,  1.,  1.]), lineWidth=1, name='polygon', opacity=1.0, ori=array(0.0), pos=array([ 0.,  0.]), size=array([ 1.,  1.]), units=u'norm', vertices=ndarray(...), win=Window(...))
27.4640 	EXP 	Created sequence: random, trialTypes=1, nReps=5, seed=None
27.5596 	EXP 	New trial (rep=0, index=0): None
27.6147 	EXP 	pol1: autoDraw = True
28.5633 	DATA 	Mouse: Left button down, pos=(811,472)
28.5790 	EXP 	pol1: autoDraw = False
28.5790 	EXP 	pol2: autoDraw = True
28.6467 	DATA 	Mouse: Left button up, pos=(811,472)
29.2288 	DATA 	Mouse: Left button down, pos=(791,382)
29.3287 	DATA 	Mouse: Left button up, pos=(791,382)
30.5433 	DATA 	Keypress: escape
