1.6192 	WARNING 	pygame audio lib was requested but not loaded: No module named pygame
1.6887 	WARNING 	Requested pygame backend but pygame ,is not installed or not fully working
2.5055 	EXP 	Created window1 = Window(allowGUI=False, allowStencil=False, autoLog=True, bitsMode=UNKNOWN, blendMode='avg', color=array([-1., -1., -1.]), colorSpace='rgb', fullscr=UNKNOWN, gamma=None, lms=UNKNOWN, monitor=<psychopy.monitors.calibTools.Monitor object at 0x13B503F0>, name='window1', pos=[0, 0], screen=0, size=array([1920, 1080]), stereo=False, units=u'norm', useFBO=True, useRetina=False, viewOri=0.0, viewPos=None, viewScale=None, waitBlanking=True, winType='pyglet')
2.5055 	EXP 	window1: recordFrameIntervals = False
2.6718 	EXP 	window1: recordFrameIntervals = True
2.8551 	EXP 	window1: recordFrameIntervals = False
2.8580 	EXP 	<method-wrapper '__getattribute__' of attributeSetter object at 0x06FB1E90>: vertices = array([[-0.5,  1. ],
       [ 0.5,  1. ],
       [ 0.5, -1. ],
       [-0.5, -1. ]])
2.8598 	EXP 	Created green = Rect(autoDraw=False, autoLog=True, closeShape=True, contrast=1.0, depth=0.0, fillColor=array([ 0.,  1.,  0.]), fillColorSpace='rgb', fillRGB=array([ 0.,  1.,  0.]), interpolate=True, lineColor=array([-1., -1., -1.]), lineColorSpace='rgb', lineRGB=array([-1., -1., -1.]), lineWidth=1, name='green', opacity=1.0, ori=array(0.0), pos=array([-0.5,  0. ]), size=array([ 1.,  1.]), units=u'norm', vertices=ndarray(...), win=Window(...))
2.8605 	EXP 	<method-wrapper '__getattribute__' of attributeSetter object at 0x06FB1E90>: vertices = array([[-0.5,  1. ],
       [ 0.5,  1. ],
       [ 0.5, -1. ],
       [-0.5, -1. ]])
2.8621 	EXP 	Created red = Rect(autoDraw=False, autoLog=True, closeShape=True, contrast=1.0, depth=-2.0, fillColor=array([ 1.,  0.,  0.]), fillColorSpace='rgb', fillRGB=array([ 1.,  0.,  0.]), interpolate=True, lineColor=array([ 1.,  1.,  1.]), lineColorSpace='rgb', lineRGB=array([ 1.,  1.,  1.]), lineWidth=1, name='red', opacity=1.0, ori=array(0.0), pos=array([ 0.5,  0. ]), size=array([ 1.,  1.]), units=u'norm', vertices=ndarray(...), win=Window(...))
2.8624 	EXP 	<method-wrapper '__getattribute__' of attributeSetter object at 0x06FB1E90>: vertices = array([[-1.,  1.],
       [ 1.,  1.],
       [ 1., -1.],
       [-1., -1.]])
2.8640 	EXP 	Created rewardState = Rect(autoDraw=False, autoLog=True, closeShape=True, contrast=1.0, depth=0.0, fillColor=array([ 0.,  0.,  1.]), fillColorSpace='rgb', fillRGB=array([ 0.,  0.,  1.]), interpolate=True, lineColor=array([ 1.,  1.,  1.]), lineColorSpace='rgb', lineRGB=array([ 1.,  1.,  1.]), lineWidth=1, name='rewardState', opacity=1.0, ori=array(0.0), pos=array([ 0.,  0.]), size=array([ 1.,  1.]), units=u'norm', vertices=ndarray(...), win=Window(...))
2.8642 	EXP 	Created sequence: random, trialTypes=1, nReps=4, seed=None
2.8644 	EXP 	New trial (rep=0, index=0): None
2.8711 	EXP 	green: autoDraw = True
2.8711 	EXP 	red: autoDraw = True
3.2550 	DATA 	Mouse: Left button down, pos=(817,712)
3.2716 	EXP 	green: autoDraw = False
3.2716 	EXP 	red: autoDraw = False
3.2716 	EXP 	rewardState: autoDraw = True
3.3381 	DATA 	Mouse:  Left button up, pos=(817,712)
4.2551 	EXP 	New trial (rep=1, index=0): None
4.2716 	EXP 	rewardState: autoDraw = False
4.2716 	EXP 	rewardState: autoDraw = False
4.2716 	EXP 	green: autoDraw = True
4.2716 	EXP 	red: autoDraw = True
4.4549 	DATA 	Mouse: Left button down, pos=(780,524)
4.4716 	EXP 	green: autoDraw = False
4.4716 	EXP 	red: autoDraw = False
4.4716 	EXP 	rewardState: autoDraw = True
4.5717 	DATA 	Mouse:  Left button up, pos=(780,524)
5.4551 	EXP 	New trial (rep=2, index=0): None
5.4716 	EXP 	rewardState: autoDraw = False
5.4716 	EXP 	rewardState: autoDraw = False
5.4716 	EXP 	green: autoDraw = True
5.4716 	EXP 	red: autoDraw = True
5.6382 	DATA 	Mouse: Left button down, pos=(780,524)
5.6548 	EXP 	green: autoDraw = False
5.6548 	EXP 	red: autoDraw = False
5.6548 	EXP 	rewardState: autoDraw = True
5.7217 	DATA 	Mouse:  Left button up, pos=(780,524)
6.6384 	EXP 	New trial (rep=3, index=0): None
6.6548 	EXP 	rewardState: autoDraw = False
6.6548 	EXP 	rewardState: autoDraw = False
6.6548 	EXP 	green: autoDraw = True
6.6548 	EXP 	red: autoDraw = True
6.8718 	DATA 	Mouse: Left button down, pos=(780,524)
6.8880 	EXP 	green: autoDraw = False
6.8880 	EXP 	red: autoDraw = False
6.8880 	EXP 	rewardState: autoDraw = True
6.9381 	DATA 	Mouse:  Left button up, pos=(780,524)
7.8748 	EXP 	window1: mouseVisible = True
