1.6371 	WARNING 	pygame audio lib was requested but not loaded: No module named pygame
1.7095 	WARNING 	Requested pygame backend but pygame ,is not installed or not fully working
2.5920 	EXP 	Created window1 = Window(allowGUI=False, allowStencil=False, autoLog=True, bitsMode=UNKNOWN, blendMode='avg', color=array([-1., -1., -1.]), colorSpace='rgb', fullscr=UNKNOWN, gamma=None, lms=UNKNOWN, monitor=<psychopy.monitors.calibTools.Monitor object at 0x13B493F0>, name='window1', pos=[0, 0], screen=0, size=array([1920, 1080]), stereo=False, units=u'norm', useFBO=True, useRetina=False, viewOri=0.0, viewPos=None, viewScale=None, waitBlanking=True, winType='pyglet')
2.5921 	EXP 	window1: recordFrameIntervals = False
2.7601 	EXP 	window1: recordFrameIntervals = True
2.9416 	EXP 	window1: recordFrameIntervals = False
2.9453 	EXP 	<method-wrapper '__getattribute__' of attributeSetter object at 0x07072E90>: vertices = array([[-0.25,  0.5 ],
       [ 0.25,  0.5 ],
       [ 0.25, -0.5 ],
       [-0.25, -0.5 ]])
2.9471 	EXP 	Created green = Rect(autoDraw=False, autoLog=True, closeShape=True, contrast=1.0, depth=0.0, fillColor=array([ 0.,  1.,  0.]), fillColorSpace='rgb', fillRGB=array([ 0.,  1.,  0.]), interpolate=True, lineColor=array([ 1.,  1.,  1.]), lineColorSpace='rgb', lineRGB=array([ 1.,  1.,  1.]), lineWidth=1, name='green', opacity=1.0, ori=array(0.0), pos=array([-1.,  0.]), size=array([ 1.,  1.]), units=u'norm', vertices=ndarray(...), win=Window(...))
2.9477 	EXP 	<method-wrapper '__getattribute__' of attributeSetter object at 0x07072E90>: vertices = array([[-0.25,  0.5 ],
       [ 0.25,  0.5 ],
       [ 0.25, -0.5 ],
       [-0.25, -0.5 ]])
2.9493 	EXP 	Created red = Rect(autoDraw=False, autoLog=True, closeShape=True, contrast=1.0, depth=-2.0, fillColor=array([ 1.,  0.,  0.]), fillColorSpace='rgb', fillRGB=array([ 1.,  0.,  0.]), interpolate=True, lineColor=array([ 1.,  1.,  1.]), lineColorSpace='rgb', lineRGB=array([ 1.,  1.,  1.]), lineWidth=1, name='red', opacity=1.0, ori=array(0.0), pos=array([ 0.4,  0. ]), size=array([ 1.,  1.]), units=u'norm', vertices=ndarray(...), win=Window(...))
2.9496 	EXP 	<method-wrapper '__getattribute__' of attributeSetter object at 0x07072E90>: vertices = array([[-0.5,  0.5],
       [ 0.5,  0.5],
       [ 0.5, -0.5],
       [-0.5, -0.5]])
2.9512 	EXP 	Created rewardState = Rect(autoDraw=False, autoLog=True, closeShape=True, contrast=1.0, depth=0.0, fillColor=array([ 0.,  0.,  1.]), fillColorSpace='rgb', fillRGB=array([ 0.,  0.,  1.]), interpolate=True, lineColor=array([ 1.,  1.,  1.]), lineColorSpace='rgb', lineRGB=array([ 1.,  1.,  1.]), lineWidth=1, name='rewardState', opacity=1.0, ori=array(0.0), pos=array([ 0.,  0.]), size=array([ 1.,  1.]), units=u'norm', vertices=ndarray(...), win=Window(...))
2.9515 	EXP 	Created sequence: random, trialTypes=1, nReps=4, seed=None
2.9517 	EXP 	New trial (rep=0, index=0): None
2.9578 	EXP 	green: autoDraw = True
2.9578 	EXP 	red: autoDraw = True
4.7251 	DATA 	Mouse: Left button down, pos=(873,768)
4.7413 	EXP 	green: autoDraw = False
4.7413 	EXP 	red: autoDraw = False
4.7413 	EXP 	rewardState: autoDraw = True
4.7914 	DATA 	Mouse:  Left button up, pos=(873,768)
5.7249 	EXP 	New trial (rep=1, index=0): None
5.7413 	EXP 	rewardState: autoDraw = False
5.7413 	EXP 	rewardState: autoDraw = False
5.7413 	EXP 	green: autoDraw = True
5.7413 	EXP 	red: autoDraw = True
5.9583 	DATA 	Mouse: Left button down, pos=(873,768)
5.9745 	EXP 	green: autoDraw = False
5.9745 	EXP 	red: autoDraw = False
5.9745 	EXP 	rewardState: autoDraw = True
6.0583 	DATA 	Mouse:  Left button up, pos=(873,768)
6.9584 	EXP 	New trial (rep=2, index=0): None
6.9745 	EXP 	rewardState: autoDraw = False
6.9745 	EXP 	rewardState: autoDraw = False
6.9745 	EXP 	green: autoDraw = True
6.9745 	EXP 	red: autoDraw = True
7.1915 	DATA 	Mouse: Left button down, pos=(873,767)
7.2081 	EXP 	green: autoDraw = False
7.2081 	EXP 	red: autoDraw = False
7.2081 	EXP 	rewardState: autoDraw = True
7.2914 	DATA 	Mouse:  Left button up, pos=(873,767)
8.1916 	EXP 	New trial (rep=3, index=0): None
8.2081 	EXP 	rewardState: autoDraw = False
8.2081 	EXP 	rewardState: autoDraw = False
8.2081 	EXP 	green: autoDraw = True
8.2081 	EXP 	red: autoDraw = True
8.4083 	DATA 	Mouse: Left button down, pos=(873,767)
8.4245 	EXP 	green: autoDraw = False
8.4245 	EXP 	red: autoDraw = False
8.4245 	EXP 	rewardState: autoDraw = True
8.5082 	DATA 	Mouse:  Left button up, pos=(873,767)
9.4114 	EXP 	window1: mouseVisible = True
1.6587 	WARNING 	pygame audio lib was requested but not loaded: No module named pygame
1.7309 	WARNING 	Requested pygame backend but pygame ,is not installed or not fully working
2.5507 	EXP 	Created window1 = Window(allowGUI=False, allowStencil=False, autoLog=True, bitsMode=UNKNOWN, blendMode='avg', color=array([-1., -1., -1.]), colorSpace='rgb', fullscr=UNKNOWN, gamma=None, lms=UNKNOWN, monitor=<psychopy.monitors.calibTools.Monitor object at 0x13B4D3F0>, name='window1', pos=[0, 0], screen=0, size=array([1920, 1080]), stereo=False, units=u'norm', useFBO=True, useRetina=False, viewOri=0.0, viewPos=None, viewScale=None, waitBlanking=True, winType='pyglet')
2.5508 	EXP 	window1: recordFrameIntervals = False
2.7170 	EXP 	window1: recordFrameIntervals = True
2.9003 	EXP 	window1: recordFrameIntervals = False
2.9040 	EXP 	<method-wrapper '__getattribute__' of attributeSetter object at 0x07376E90>: vertices = array([[-0.25,  0.5 ],
       [ 0.25,  0.5 ],
       [ 0.25, -0.5 ],
       [-0.25, -0.5 ]])
2.9058 	EXP 	Created green = Rect(autoDraw=False, autoLog=True, closeShape=True, contrast=1.0, depth=0.0, fillColor=array([ 0.,  1.,  0.]), fillColorSpace='rgb', fillRGB=array([ 0.,  1.,  0.]), interpolate=True, lineColor=array([ 1.,  1.,  1.]), lineColorSpace='rgb', lineRGB=array([ 1.,  1.,  1.]), lineWidth=1, name='green', opacity=1.0, ori=array(0.0), pos=array([-0.5,  0. ]), size=array([ 1.,  1.]), units=u'norm', vertices=ndarray(...), win=Window(...))
2.9064 	EXP 	<method-wrapper '__getattribute__' of attributeSetter object at 0x07376E90>: vertices = array([[-0.25,  0.5 ],
       [ 0.25,  0.5 ],
       [ 0.25, -0.5 ],
       [-0.25, -0.5 ]])
2.9080 	EXP 	Created red = Rect(autoDraw=False, autoLog=True, closeShape=True, contrast=1.0, depth=-2.0, fillColor=array([ 1.,  0.,  0.]), fillColorSpace='rgb', fillRGB=array([ 1.,  0.,  0.]), interpolate=True, lineColor=array([ 1.,  1.,  1.]), lineColorSpace='rgb', lineRGB=array([ 1.,  1.,  1.]), lineWidth=1, name='red', opacity=1.0, ori=array(0.0), pos=array([ 0.4,  0. ]), size=array([ 1.,  1.]), units=u'norm', vertices=ndarray(...), win=Window(...))
2.9083 	EXP 	<method-wrapper '__getattribute__' of attributeSetter object at 0x07376E90>: vertices = array([[-0.5,  0.5],
       [ 0.5,  0.5],
       [ 0.5, -0.5],
       [-0.5, -0.5]])
2.9099 	EXP 	Created rewardState = Rect(autoDraw=False, autoLog=True, closeShape=True, contrast=1.0, depth=0.0, fillColor=array([ 0.,  0.,  1.]), fillColorSpace='rgb', fillRGB=array([ 0.,  0.,  1.]), interpolate=True, lineColor=array([ 1.,  1.,  1.]), lineColorSpace='rgb', lineRGB=array([ 1.,  1.,  1.]), lineWidth=1, name='rewardState', opacity=1.0, ori=array(0.0), pos=array([ 0.,  0.]), size=array([ 1.,  1.]), units=u'norm', vertices=ndarray(...), win=Window(...))
2.9101 	EXP 	Created sequence: random, trialTypes=1, nReps=4, seed=None
2.9103 	EXP 	New trial (rep=0, index=0): None
2.9161 	EXP 	green: autoDraw = True
2.9161 	EXP 	red: autoDraw = True
4.8502 	DATA 	Mouse: Left button down, pos=(871,680)
4.8668 	EXP 	green: autoDraw = False
4.8668 	EXP 	red: autoDraw = False
4.8668 	EXP 	rewardState: autoDraw = True
4.9837 	DATA 	Mouse:  Left button up, pos=(871,680)
5.8504 	EXP 	New trial (rep=1, index=0): None
5.8668 	EXP 	rewardState: autoDraw = False
5.8668 	EXP 	rewardState: autoDraw = False
5.8668 	EXP 	green: autoDraw = True
5.8668 	EXP 	red: autoDraw = True
6.0502 	DATA 	Mouse: Left button down, pos=(871,680)
6.0668 	EXP 	green: autoDraw = False
6.0668 	EXP 	red: autoDraw = False
6.0668 	EXP 	rewardState: autoDraw = True
6.1670 	DATA 	Mouse:  Left button up, pos=(871,680)
7.0503 	EXP 	New trial (rep=2, index=0): None
7.0668 	EXP 	rewardState: autoDraw = False
7.0668 	EXP 	rewardState: autoDraw = False
7.0668 	EXP 	green: autoDraw = True
7.0668 	EXP 	red: autoDraw = True
7.2503 	DATA 	Mouse: Left button down, pos=(871,680)
7.2669 	EXP 	green: autoDraw = False
7.2669 	EXP 	red: autoDraw = False
7.2669 	EXP 	rewardState: autoDraw = True
7.3501 	DATA 	Mouse:  Left button up, pos=(871,680)
8.2503 	EXP 	New trial (rep=3, index=0): None
8.2668 	EXP 	rewardState: autoDraw = False
8.2668 	EXP 	rewardState: autoDraw = False
8.2668 	EXP 	green: autoDraw = True
8.2668 	EXP 	red: autoDraw = True
8.4502 	DATA 	Mouse: Left button down, pos=(871,680)
8.4668 	EXP 	green: autoDraw = False
8.4668 	EXP 	red: autoDraw = False
8.4668 	EXP 	rewardState: autoDraw = True
8.5002 	DATA 	Mouse:  Left button up, pos=(871,680)
9.4540 	EXP 	window1: mouseVisible = True
1.6233 	WARNING 	pygame audio lib was requested but not loaded: No module named pygame
1.6931 	WARNING 	Requested pygame backend but pygame ,is not installed or not fully working
2.5100 	EXP 	Created window1 = Window(allowGUI=False, allowStencil=False, autoLog=True, bitsMode=UNKNOWN, blendMode='avg', color=array([-1., -1., -1.]), colorSpace='rgb', fullscr=UNKNOWN, gamma=None, lms=UNKNOWN, monitor=<psychopy.monitors.calibTools.Monitor object at 0x13B103F0>, name='window1', pos=[0, 0], screen=0, size=array([1920, 1080]), stereo=False, units=u'norm', useFBO=True, useRetina=False, viewOri=0.0, viewPos=None, viewScale=None, waitBlanking=True, winType='pyglet')
2.5101 	EXP 	window1: recordFrameIntervals = False
2.6757 	EXP 	window1: recordFrameIntervals = True
2.8591 	EXP 	window1: recordFrameIntervals = False
2.8626 	EXP 	<method-wrapper '__getattribute__' of attributeSetter object at 0x073BCE90>: vertices = array([[-0.5,  0.5],
       [ 0.5,  0.5],
       [ 0.5, -0.5],
       [-0.5, -0.5]])
2.8644 	EXP 	Created green = Rect(autoDraw=False, autoLog=True, closeShape=True, contrast=1.0, depth=0.0, fillColor=array([ 0.,  1.,  0.]), fillColorSpace='rgb', fillRGB=array([ 0.,  1.,  0.]), interpolate=True, lineColor=array([ 1.,  1.,  1.]), lineColorSpace='rgb', lineRGB=array([ 1.,  1.,  1.]), lineWidth=1, name='green', opacity=1.0, ori=array(0.0), pos=array([-0.5,  0. ]), size=array([ 1.,  1.]), units=u'norm', vertices=ndarray(...), win=Window(...))
2.8650 	EXP 	<method-wrapper '__getattribute__' of attributeSetter object at 0x073BCE90>: vertices = array([[-0.25,  0.5 ],
       [ 0.25,  0.5 ],
       [ 0.25, -0.5 ],
       [-0.25, -0.5 ]])
2.8666 	EXP 	Created red = Rect(autoDraw=False, autoLog=True, closeShape=True, contrast=1.0, depth=-2.0, fillColor=array([ 1.,  0.,  0.]), fillColorSpace='rgb', fillRGB=array([ 1.,  0.,  0.]), interpolate=True, lineColor=array([ 1.,  1.,  1.]), lineColorSpace='rgb', lineRGB=array([ 1.,  1.,  1.]), lineWidth=1, name='red', opacity=1.0, ori=array(0.0), pos=array([ 0.4,  0. ]), size=array([ 1.,  1.]), units=u'norm', vertices=ndarray(...), win=Window(...))
2.8669 	EXP 	<method-wrapper '__getattribute__' of attributeSetter object at 0x073BCE90>: vertices = array([[-0.5,  0.5],
       [ 0.5,  0.5],
       [ 0.5, -0.5],
       [-0.5, -0.5]])
2.8685 	EXP 	Created rewardState = Rect(autoDraw=False, autoLog=True, closeShape=True, contrast=1.0, depth=0.0, fillColor=array([ 0.,  0.,  1.]), fillColorSpace='rgb', fillRGB=array([ 0.,  0.,  1.]), interpolate=True, lineColor=array([ 1.,  1.,  1.]), lineColorSpace='rgb', lineRGB=array([ 1.,  1.,  1.]), lineWidth=1, name='rewardState', opacity=1.0, ori=array(0.0), pos=array([ 0.,  0.]), size=array([ 1.,  1.]), units=u'norm', vertices=ndarray(...), win=Window(...))
2.8688 	EXP 	Created sequence: random, trialTypes=1, nReps=4, seed=None
2.8689 	EXP 	New trial (rep=0, index=0): None
2.8747 	EXP 	green: autoDraw = True
2.8747 	EXP 	red: autoDraw = True
4.1421 	DATA 	Mouse: Left button down, pos=(848,647)
4.1588 	EXP 	green: autoDraw = False
4.1588 	EXP 	red: autoDraw = False
4.1588 	EXP 	rewardState: autoDraw = True
4.2254 	DATA 	Mouse:  Left button up, pos=(848,647)
5.1423 	EXP 	New trial (rep=1, index=0): None
5.1588 	EXP 	rewardState: autoDraw = False
5.1588 	EXP 	rewardState: autoDraw = False
5.1588 	EXP 	green: autoDraw = True
5.1588 	EXP 	red: autoDraw = True
5.3589 	DATA 	Mouse: Left button down, pos=(848,647)
5.3751 	EXP 	green: autoDraw = False
5.3751 	EXP 	red: autoDraw = False
5.3751 	EXP 	rewardState: autoDraw = True
5.4589 	DATA 	Mouse:  Left button up, pos=(848,647)
6.3591 	EXP 	New trial (rep=2, index=0): None
6.3752 	EXP 	rewardState: autoDraw = False
6.3752 	EXP 	rewardState: autoDraw = False
6.3752 	EXP 	green: autoDraw = True
6.3752 	EXP 	red: autoDraw = True
6.5753 	DATA 	Mouse: Left button down, pos=(848,647)
6.5920 	EXP 	green: autoDraw = False
6.5920 	EXP 	red: autoDraw = False
6.5920 	EXP 	rewardState: autoDraw = True
6.6753 	DATA 	Mouse:  Left button up, pos=(848,647)
7.5755 	EXP 	New trial (rep=3, index=0): None
7.5920 	EXP 	rewardState: autoDraw = False
7.5920 	EXP 	rewardState: autoDraw = False
7.5920 	EXP 	green: autoDraw = True
7.5920 	EXP 	red: autoDraw = True
7.7754 	DATA 	Mouse: Left button down, pos=(848,647)
7.7920 	EXP 	green: autoDraw = False
7.7920 	EXP 	red: autoDraw = False
7.7920 	EXP 	rewardState: autoDraw = True
7.9089 	DATA 	Mouse:  Left button up, pos=(848,647)
8.7794 	EXP 	window1: mouseVisible = True
