1.6637 	WARNING 	pygame audio lib was requested but not loaded: No module named pygame
1.7361 	WARNING 	Requested pygame backend but pygame ,is not installed or not fully working
2.6491 	EXP 	Created window1 = Window(allowGUI=False, allowStencil=False, autoLog=True, bitsMode=UNKNOWN, blendMode='avg', color=array([-1., -1., -1.]), colorSpace='rgb', fullscr=UNKNOWN, gamma=None, lms=UNKNOWN, monitor=<psychopy.monitors.calibTools.Monitor object at 0x13B1E3F0>, name='window1', pos=[0, 0], screen=0, size=array([1920, 1080]), stereo=False, units=u'norm', useFBO=True, useRetina=False, viewOri=0.0, viewPos=None, viewScale=None, waitBlanking=True, winType='pyglet')
2.6492 	EXP 	window1: recordFrameIntervals = False
2.8154 	EXP 	window1: recordFrameIntervals = True
2.9986 	EXP 	window1: recordFrameIntervals = False
3.0022 	EXP 	<method-wrapper '__getattribute__' of attributeSetter object at 0x06FBCE90>: vertices = array([[-0.5,  0.5],
       [ 0.5,  0.5],
       [ 0.5, -0.5],
       [-0.5, -0.5]])
3.0040 	EXP 	Created green = Rect(autoDraw=False, autoLog=True, closeShape=True, contrast=1.0, depth=0.0, fillColor=array([ 0.,  1.,  0.]), fillColorSpace='rgb', fillRGB=array([ 0.,  1.,  0.]), interpolate=True, lineColor=array([ 1.,  1.,  1.]), lineColorSpace='rgb', lineRGB=array([ 1.,  1.,  1.]), lineWidth=1, name='green', opacity=1.0, ori=array(0.0), pos=array([-0.5,  0. ]), size=array([ 1.,  1.]), units=u'norm', vertices=ndarray(...), win=Window(...))
3.0046 	EXP 	<method-wrapper '__getattribute__' of attributeSetter object at 0x06FBCE90>: vertices = array([[-0.25,  0.5 ],
       [ 0.25,  0.5 ],
       [ 0.25, -0.5 ],
       [-0.25, -0.5 ]])
3.0063 	EXP 	Created red = Rect(autoDraw=False, autoLog=True, closeShape=True, contrast=1.0, depth=-2.0, fillColor=array([ 1.,  0.,  0.]), fillColorSpace='rgb', fillRGB=array([ 1.,  0.,  0.]), interpolate=True, lineColor=array([ 1.,  1.,  1.]), lineColorSpace='rgb', lineRGB=array([ 1.,  1.,  1.]), lineWidth=1, name='red', opacity=1.0, ori=array(0.0), pos=array([ 0.4,  0. ]), size=array([ 1.,  1.]), units=u'norm', vertices=ndarray(...), win=Window(...))
3.0066 	EXP 	<method-wrapper '__getattribute__' of attributeSetter object at 0x06FBCE90>: vertices = array([[-0.5,  0.5],
       [ 0.5,  0.5],
       [ 0.5, -0.5],
       [-0.5, -0.5]])
3.0083 	EXP 	Created rewardState = Rect(autoDraw=False, autoLog=True, closeShape=True, contrast=1.0, depth=0.0, fillColor=array([ 0.,  0.,  1.]), fillColorSpace='rgb', fillRGB=array([ 0.,  0.,  1.]), interpolate=True, lineColor=array([ 1.,  1.,  1.]), lineColorSpace='rgb', lineRGB=array([ 1.,  1.,  1.]), lineWidth=1, name='rewardState', opacity=1.0, ori=array(0.0), pos=array([ 0.,  0.]), size=array([ 1.,  1.]), units=u'norm', vertices=ndarray(...), win=Window(...))
3.0085 	EXP 	Created sequence: random, trialTypes=1, nReps=4, seed=None
3.0087 	EXP 	New trial (rep=0, index=0): None
3.0141 	EXP 	green: autoDraw = True
3.0141 	EXP 	red: autoDraw = True
9.7815 	DATA 	Mouse: Left button down, pos=(919,463)
9.7982 	EXP 	green: autoDraw = False
9.7982 	EXP 	red: autoDraw = False
9.7982 	EXP 	rewardState: autoDraw = True
9.8983 	DATA 	Mouse:  Left button up, pos=(919,463)
10.7817 	EXP 	New trial (rep=1, index=0): None
10.7982 	EXP 	rewardState: autoDraw = False
10.7982 	EXP 	rewardState: autoDraw = False
10.7982 	EXP 	green: autoDraw = True
10.7982 	EXP 	red: autoDraw = True
12.1483 	DATA 	Mouse: Left button down, pos=(919,463)
12.1649 	EXP 	green: autoDraw = False
12.1649 	EXP 	red: autoDraw = False
12.1649 	EXP 	rewardState: autoDraw = True
12.2647 	DATA 	Mouse:  Left button up, pos=(919,463)
13.1496 	EXP 	New trial (rep=2, index=0): None
13.1648 	EXP 	rewardState: autoDraw = False
13.1648 	EXP 	rewardState: autoDraw = False
13.1648 	EXP 	green: autoDraw = True
13.1648 	EXP 	red: autoDraw = True
13.4485 	DATA 	Mouse: Left button down, pos=(919,463)
13.4814 	EXP 	green: autoDraw = False
13.4814 	EXP 	red: autoDraw = False
13.4814 	EXP 	rewardState: autoDraw = True
13.5483 	DATA 	Mouse:  Left button up, pos=(919,463)
14.4650 	EXP 	New trial (rep=3, index=0): None
14.4814 	EXP 	rewardState: autoDraw = False
14.4814 	EXP 	rewardState: autoDraw = False
14.4814 	EXP 	green: autoDraw = True
14.4814 	EXP 	red: autoDraw = True
14.6979 	DATA 	Mouse: Left button down, pos=(919,463)
14.7146 	EXP 	green: autoDraw = False
14.7146 	EXP 	red: autoDraw = False
14.7146 	EXP 	rewardState: autoDraw = True
14.7979 	DATA 	Mouse:  Left button up, pos=(919,463)
15.7014 	EXP 	window1: mouseVisible = True
1.6658 	WARNING 	pygame audio lib was requested but not loaded: No module named pygame
1.7369 	WARNING 	Requested pygame backend but pygame ,is not installed or not fully working
2.5090 	EXP 	Created window1 = Window(allowGUI=False, allowStencil=False, autoLog=True, bitsMode=UNKNOWN, blendMode='avg', color=array([-1., -1., -1.]), colorSpace='rgb', fullscr=UNKNOWN, gamma=None, lms=UNKNOWN, monitor=<psychopy.monitors.calibTools.Monitor object at 0x13B0E3F0>, name='window1', pos=[0, 0], screen=0, size=array([1920, 1080]), stereo=False, units=u'norm', useFBO=True, useRetina=False, viewOri=0.0, viewPos=None, viewScale=None, waitBlanking=True, winType='pyglet')
2.5090 	EXP 	window1: recordFrameIntervals = False
2.6751 	EXP 	window1: recordFrameIntervals = True
2.8584 	EXP 	window1: recordFrameIntervals = False
2.8615 	EXP 	<method-wrapper '__getattribute__' of attributeSetter object at 0x0708CE90>: vertices = array([[-0.5,  1. ],
       [ 0.5,  1. ],
       [ 0.5, -1. ],
       [-0.5, -1. ]])
2.8633 	EXP 	Created green = Rect(autoDraw=False, autoLog=True, closeShape=True, contrast=1.0, depth=0.0, fillColor=array([ 0.,  1.,  0.]), fillColorSpace='rgb', fillRGB=array([ 0.,  1.,  0.]), interpolate=True, lineColor=array([ 1.,  1.,  1.]), lineColorSpace='rgb', lineRGB=array([ 1.,  1.,  1.]), lineWidth=1, name='green', opacity=1.0, ori=array(0.0), pos=array([-0.5,  0. ]), size=array([ 1.,  1.]), units=u'norm', vertices=ndarray(...), win=Window(...))
2.8639 	EXP 	<method-wrapper '__getattribute__' of attributeSetter object at 0x0708CE90>: vertices = array([[-0.25,  0.5 ],
       [ 0.25,  0.5 ],
       [ 0.25, -0.5 ],
       [-0.25, -0.5 ]])
2.8655 	EXP 	Created red = Rect(autoDraw=False, autoLog=True, closeShape=True, contrast=1.0, depth=-2.0, fillColor=array([ 1.,  0.,  0.]), fillColorSpace='rgb', fillRGB=array([ 1.,  0.,  0.]), interpolate=True, lineColor=array([ 1.,  1.,  1.]), lineColorSpace='rgb', lineRGB=array([ 1.,  1.,  1.]), lineWidth=1, name='red', opacity=1.0, ori=array(0.0), pos=array([ 0.4,  0. ]), size=array([ 1.,  1.]), units=u'norm', vertices=ndarray(...), win=Window(...))
2.8658 	EXP 	<method-wrapper '__getattribute__' of attributeSetter object at 0x0708CE90>: vertices = array([[-0.5,  0.5],
       [ 0.5,  0.5],
       [ 0.5, -0.5],
       [-0.5, -0.5]])
2.8674 	EXP 	Created rewardState = Rect(autoDraw=False, autoLog=True, closeShape=True, contrast=1.0, depth=0.0, fillColor=array([ 0.,  0.,  1.]), fillColorSpace='rgb', fillRGB=array([ 0.,  0.,  1.]), interpolate=True, lineColor=array([ 1.,  1.,  1.]), lineColorSpace='rgb', lineRGB=array([ 1.,  1.,  1.]), lineWidth=1, name='rewardState', opacity=1.0, ori=array(0.0), pos=array([ 0.,  0.]), size=array([ 1.,  1.]), units=u'norm', vertices=ndarray(...), win=Window(...))
2.8676 	EXP 	Created sequence: random, trialTypes=1, nReps=4, seed=None
2.8678 	EXP 	New trial (rep=0, index=0): None
2.8741 	EXP 	green: autoDraw = True
2.8741 	EXP 	red: autoDraw = True
4.0751 	DATA 	Mouse: Left button down, pos=(792,654)
4.0914 	EXP 	green: autoDraw = False
4.0914 	EXP 	red: autoDraw = False
4.0914 	EXP 	rewardState: autoDraw = True
4.1751 	DATA 	Mouse:  Left button up, pos=(792,654)
5.0752 	EXP 	New trial (rep=1, index=0): None
5.0914 	EXP 	rewardState: autoDraw = False
5.0914 	EXP 	rewardState: autoDraw = False
5.0914 	EXP 	green: autoDraw = True
5.0914 	EXP 	red: autoDraw = True
5.2751 	DATA 	Mouse: Left button down, pos=(792,654)
5.2914 	EXP 	green: autoDraw = False
5.2914 	EXP 	red: autoDraw = False
5.2914 	EXP 	rewardState: autoDraw = True
5.3912 	DATA 	Mouse:  Left button up, pos=(792,654)
6.2752 	EXP 	New trial (rep=2, index=0): None
6.2913 	EXP 	rewardState: autoDraw = False
6.2913 	EXP 	rewardState: autoDraw = False
6.2913 	EXP 	green: autoDraw = True
6.2913 	EXP 	red: autoDraw = True
6.5251 	DATA 	Mouse: Left button down, pos=(792,654)
6.5414 	EXP 	green: autoDraw = False
6.5414 	EXP 	red: autoDraw = False
6.5414 	EXP 	rewardState: autoDraw = True
6.6082 	DATA 	Mouse:  Left button up, pos=(792,654)
7.5253 	EXP 	New trial (rep=3, index=0): None
7.5414 	EXP 	rewardState: autoDraw = False
7.5414 	EXP 	rewardState: autoDraw = False
7.5414 	EXP 	green: autoDraw = True
7.5414 	EXP 	red: autoDraw = True
7.7415 	DATA 	Mouse: Left button down, pos=(792,654)
7.7582 	EXP 	green: autoDraw = False
7.7582 	EXP 	red: autoDraw = False
7.7582 	EXP 	rewardState: autoDraw = True
7.8583 	DATA 	Mouse:  Left button up, pos=(792,654)
8.7453 	EXP 	window1: mouseVisible = True
