6.3679 	WARNING 	pygame audio lib was requested but not loaded: No module named pygame
6.6982 	WARNING 	Requested pygame backend but pygame ,is not installed or not fully working
7.9556 	EXP 	Created window1 = Window(allowGUI=False, allowStencil=False, autoLog=True, bitsMode=UNKNOWN, blendMode='avg', color=array([-1., -1., -1.]), colorSpace='rgb', fullscr=UNKNOWN, gamma=None, lms=UNKNOWN, monitor=<psychopy.monitors.calibTools.Monitor object at 0x13B183F0>, name='window1', pos=[0, 0], screen=0, size=array([1920, 1080]), stereo=False, units=u'norm', useFBO=True, useRetina=False, viewOri=0.0, viewPos=None, viewScale=None, waitBlanking=True, winType='pyglet')
7.9556 	EXP 	window1: recordFrameIntervals = False
8.1214 	EXP 	window1: recordFrameIntervals = True
8.3050 	EXP 	window1: recordFrameIntervals = False
8.3139 	EXP 	<method-wrapper '__getattribute__' of attributeSetter object at 0x06E95E90>: vertices = array([[-0.25,  0.4 ],
       [ 0.25,  0.4 ],
       [ 0.25, -0.4 ],
       [-0.25, -0.4 ]])
8.3158 	EXP 	Created green = Rect(autoDraw=False, autoLog=True, closeShape=True, contrast=1.0, depth=0.0, fillColor=array([ 0.,  1.,  0.]), fillColorSpace='rgb', fillRGB=array([ 0.,  1.,  0.]), interpolate=True, lineColor=array([ 1.,  1.,  1.]), lineColorSpace='rgb', lineRGB=array([ 1.,  1.,  1.]), lineWidth=1, name='green', opacity=1.0, ori=array(0.0), pos=array([-0.4,  0. ]), size=array([ 1.,  1.]), units=u'norm', vertices=ndarray(...), win=Window(...))
8.3162 	EXP 	<method-wrapper '__getattribute__' of attributeSetter object at 0x06E95E90>: vertices = array([[-0.25,  0.5 ],
       [ 0.25,  0.5 ],
       [ 0.25, -0.5 ],
       [-0.25, -0.5 ]])
8.3180 	EXP 	Created red = Rect(autoDraw=False, autoLog=True, closeShape=True, contrast=1.0, depth=-2.0, fillColor=array([ 1.,  0.,  0.]), fillColorSpace='rgb', fillRGB=array([ 1.,  0.,  0.]), interpolate=True, lineColor=array([ 1.,  1.,  1.]), lineColorSpace='rgb', lineRGB=array([ 1.,  1.,  1.]), lineWidth=1, name='red', opacity=1.0, ori=array(0.0), pos=array([ 0.4,  0. ]), size=array([ 1.,  1.]), units=u'norm', vertices=ndarray(...), win=Window(...))
8.3183 	EXP 	<method-wrapper '__getattribute__' of attributeSetter object at 0x06E95E90>: vertices = array([[-0.5,  0.5],
       [ 0.5,  0.5],
       [ 0.5, -0.5],
       [-0.5, -0.5]])
8.3199 	EXP 	Created rewardState = Rect(autoDraw=False, autoLog=True, closeShape=True, contrast=1.0, depth=0.0, fillColor=array([ 0.,  0.,  1.]), fillColorSpace='rgb', fillRGB=array([ 0.,  0.,  1.]), interpolate=True, lineColor=array([ 1.,  1.,  1.]), lineColorSpace='rgb', lineRGB=array([ 1.,  1.,  1.]), lineWidth=1, name='rewardState', opacity=1.0, ori=array(0.0), pos=array([ 0.,  0.]), size=array([ 1.,  1.]), units=u'norm', vertices=ndarray(...), win=Window(...))
8.3202 	EXP 	Created sequence: random, trialTypes=1, nReps=5, seed=None
8.3204 	EXP 	New trial (rep=0, index=0): None
8.3384 	EXP 	green: autoDraw = True
8.3384 	EXP 	red: autoDraw = True
9.3550 	DATA 	Mouse: Left button down, pos=(785,620)
9.3713 	EXP 	green: autoDraw = False
9.3713 	EXP 	red: autoDraw = False
9.3713 	EXP 	rewardState: autoDraw = True
9.4548 	DATA 	Mouse:  Left button up, pos=(785,620)
12.3551 	EXP 	New trial (rep=1, index=0): None
12.3714 	EXP 	rewardState: autoDraw = False
12.3714 	EXP 	rewardState: autoDraw = False
12.3714 	EXP 	green: autoDraw = True
12.3714 	EXP 	red: autoDraw = True
13.1883 	DATA 	Mouse: Left button down, pos=(785,620)
13.2046 	EXP 	green: autoDraw = False
13.2046 	EXP 	red: autoDraw = False
13.2046 	EXP 	rewardState: autoDraw = True
13.2715 	DATA 	Mouse:  Left button up, pos=(785,620)
16.1884 	EXP 	New trial (rep=2, index=0): None
16.2046 	EXP 	rewardState: autoDraw = False
16.2046 	EXP 	rewardState: autoDraw = False
16.2046 	EXP 	green: autoDraw = True
16.2046 	EXP 	red: autoDraw = True
16.5047 	DATA 	Mouse: Left button down, pos=(785,620)
16.5214 	EXP 	green: autoDraw = False
16.5214 	EXP 	red: autoDraw = False
16.5214 	EXP 	rewardState: autoDraw = True
16.5882 	DATA 	Mouse:  Left button up, pos=(785,620)
19.5049 	EXP 	New trial (rep=3, index=0): None
19.5214 	EXP 	rewardState: autoDraw = False
19.5214 	EXP 	rewardState: autoDraw = False
19.5214 	EXP 	green: autoDraw = True
19.5214 	EXP 	red: autoDraw = True
19.7382 	DATA 	Mouse: Left button down, pos=(785,620)
19.7546 	EXP 	green: autoDraw = False
19.7546 	EXP 	red: autoDraw = False
19.7546 	EXP 	rewardState: autoDraw = True
19.8046 	DATA 	Mouse:  Left button up, pos=(785,620)
22.7381 	EXP 	New trial (rep=4, index=0): None
22.7546 	EXP 	rewardState: autoDraw = False
22.7546 	EXP 	rewardState: autoDraw = False
22.7546 	EXP 	green: autoDraw = True
22.7546 	EXP 	red: autoDraw = True
22.9715 	DATA 	Mouse: Left button down, pos=(785,620)
22.9879 	EXP 	green: autoDraw = False
22.9879 	EXP 	red: autoDraw = False
22.9879 	EXP 	rewardState: autoDraw = True
23.0547 	DATA 	Mouse:  Left button up, pos=(785,620)
25.9747 	EXP 	window1: mouseVisible = True
1.6967 	WARNING 	pygame audio lib was requested but not loaded: No module named pygame
1.7664 	WARNING 	Requested pygame backend but pygame ,is not installed or not fully working
2.5951 	EXP 	Created window1 = Window(allowGUI=False, allowStencil=False, autoLog=True, bitsMode=UNKNOWN, blendMode='avg', color=array([-1., -1., -1.]), colorSpace='rgb', fullscr=UNKNOWN, gamma=None, lms=UNKNOWN, monitor=<psychopy.monitors.calibTools.Monitor object at 0x13B303F0>, name='window1', pos=[0, 0], screen=0, size=array([1920, 1080]), stereo=False, units=u'norm', useFBO=True, useRetina=False, viewOri=0.0, viewPos=None, viewScale=None, waitBlanking=True, winType='pyglet')
2.5951 	EXP 	window1: recordFrameIntervals = False
2.7612 	EXP 	window1: recordFrameIntervals = True
2.9445 	EXP 	window1: recordFrameIntervals = False
2.9476 	EXP 	<method-wrapper '__getattribute__' of attributeSetter object at 0x06F5AE90>: vertices = array([[-0.25,  0.4 ],
       [ 0.25,  0.4 ],
       [ 0.25, -0.4 ],
       [-0.25, -0.4 ]])
2.9494 	EXP 	Created green = Rect(autoDraw=False, autoLog=True, closeShape=True, contrast=1.0, depth=0.0, fillColor=array([ 0.,  1.,  0.]), fillColorSpace='rgb', fillRGB=array([ 0.,  1.,  0.]), interpolate=True, lineColor=array([ 1.,  1.,  1.]), lineColorSpace='rgb', lineRGB=array([ 1.,  1.,  1.]), lineWidth=1, name='green', opacity=1.0, ori=array(0.0), pos=array([-0.4,  0. ]), size=array([ 1.,  1.]), units=u'norm', vertices=ndarray(...), win=Window(...))
2.9500 	EXP 	<method-wrapper '__getattribute__' of attributeSetter object at 0x06F5AE90>: vertices = array([[-0.25,  0.5 ],
       [ 0.25,  0.5 ],
       [ 0.25, -0.5 ],
       [-0.25, -0.5 ]])
2.9517 	EXP 	Created red = Rect(autoDraw=False, autoLog=True, closeShape=True, contrast=1.0, depth=-2.0, fillColor=array([ 1.,  0.,  0.]), fillColorSpace='rgb', fillRGB=array([ 1.,  0.,  0.]), interpolate=True, lineColor=array([ 1.,  1.,  1.]), lineColorSpace='rgb', lineRGB=array([ 1.,  1.,  1.]), lineWidth=1, name='red', opacity=1.0, ori=array(0.0), pos=array([ 0.4,  0. ]), size=array([ 1.,  1.]), units=u'norm', vertices=ndarray(...), win=Window(...))
2.9520 	EXP 	<method-wrapper '__getattribute__' of attributeSetter object at 0x06F5AE90>: vertices = array([[-0.5,  0.5],
       [ 0.5,  0.5],
       [ 0.5, -0.5],
       [-0.5, -0.5]])
2.9536 	EXP 	Created rewardState = Rect(autoDraw=False, autoLog=True, closeShape=True, contrast=1.0, depth=0.0, fillColor=array([ 0.,  0.,  1.]), fillColorSpace='rgb', fillRGB=array([ 0.,  0.,  1.]), interpolate=True, lineColor=array([ 1.,  1.,  1.]), lineColorSpace='rgb', lineRGB=array([ 1.,  1.,  1.]), lineWidth=1, name='rewardState', opacity=1.0, ori=array(0.0), pos=array([ 0.,  0.]), size=array([ 1.,  1.]), units=u'norm', vertices=ndarray(...), win=Window(...))
2.9538 	EXP 	Created sequence: random, trialTypes=1, nReps=4, seed=None
2.9540 	EXP 	New trial (rep=0, index=0): None
2.9603 	EXP 	green: autoDraw = True
2.9603 	EXP 	red: autoDraw = True
4.7612 	DATA 	Mouse: Left button down, pos=(37,1054)
4.7775 	EXP 	green: autoDraw = False
4.7775 	EXP 	red: autoDraw = False
4.7775 	EXP 	rewardState: autoDraw = True
4.8613 	DATA 	Mouse:  Left button up, pos=(37,1054)
5.7613 	EXP 	New trial (rep=1, index=0): None
5.7774 	EXP 	rewardState: autoDraw = False
5.7774 	EXP 	rewardState: autoDraw = False
5.7774 	EXP 	green: autoDraw = True
5.7774 	EXP 	red: autoDraw = True
7.2612 	DATA 	Mouse: Left button down, pos=(52,32)
7.2775 	EXP 	green: autoDraw = False
7.2775 	EXP 	red: autoDraw = False
7.2775 	EXP 	rewardState: autoDraw = True
7.3776 	DATA 	Mouse:  Left button up, pos=(52,32)
8.2609 	EXP 	New trial (rep=2, index=0): None
8.2774 	EXP 	rewardState: autoDraw = False
8.2774 	EXP 	rewardState: autoDraw = False
8.2774 	EXP 	green: autoDraw = True
8.2774 	EXP 	red: autoDraw = True
9.2108 	DATA 	Mouse: Left button down, pos=(989,1053)
9.2275 	EXP 	green: autoDraw = False
9.2275 	EXP 	red: autoDraw = False
9.2275 	EXP 	rewardState: autoDraw = True
9.3276 	DATA 	Mouse:  Left button up, pos=(989,1053)
10.2109 	EXP 	New trial (rep=3, index=0): None
10.2275 	EXP 	rewardState: autoDraw = False
10.2275 	EXP 	rewardState: autoDraw = False
10.2275 	EXP 	green: autoDraw = True
10.2275 	EXP 	red: autoDraw = True
11.1777 	DATA 	Mouse: Left button down, pos=(976,41)
11.1943 	EXP 	green: autoDraw = False
11.1943 	EXP 	red: autoDraw = False
11.1943 	EXP 	rewardState: autoDraw = True
11.2776 	DATA 	Mouse:  Left button up, pos=(976,41)
12.1810 	EXP 	window1: mouseVisible = True
