1.6359 	WARNING 	pygame audio lib was requested but not loaded: No module named pygame
1.7067 	WARNING 	Requested pygame backend but pygame ,is not installed or not fully working
2.5041 	EXP 	Created window1 = Window(allowGUI=False, allowStencil=False, autoLog=True, bitsMode=UNKNOWN, blendMode='avg', color=array([-1., -1., -1.]), colorSpace='rgb', fullscr=UNKNOWN, gamma=None, lms=UNKNOWN, monitor=<psychopy.monitors.calibTools.Monitor object at 0x13B8D3F0>, name='window1', pos=[0, 0], screen=0, size=array([1920, 1080]), stereo=False, units=u'norm', useFBO=True, useRetina=False, viewOri=0.0, viewPos=None, viewScale=None, waitBlanking=True, winType='pyglet')
2.5041 	EXP 	window1: recordFrameIntervals = False
2.6704 	EXP 	window1: recordFrameIntervals = True
2.8538 	EXP 	window1: recordFrameIntervals = False
2.8572 	EXP 	<method-wrapper '__getattribute__' of attributeSetter object at 0x06DF4E90>: vertices = array([[-0.5,  1. ],
       [ 0.5,  1. ],
       [ 0.5, -1. ],
       [-0.5, -1. ]])
2.8589 	EXP 	Created green = Rect(autoDraw=False, autoLog=True, closeShape=True, contrast=1.0, depth=0.0, fillColor=array([ 0.,  1.,  0.]), fillColorSpace='rgb', fillRGB=array([ 0.,  1.,  0.]), interpolate=True, lineColor=array([ 1.,  1.,  1.]), lineColorSpace='rgb', lineRGB=array([ 1.,  1.,  1.]), lineWidth=1, name='green', opacity=1.0, ori=array(0.0), pos=array([-0.5,  0. ]), size=array([ 1.,  1.]), units=u'norm', vertices=ndarray(...), win=Window(...))
2.8596 	EXP 	<method-wrapper '__getattribute__' of attributeSetter object at 0x06DF4E90>: vertices = array([[-0.5,  1. ],
       [ 0.5,  1. ],
       [ 0.5, -1. ],
       [-0.5, -1. ]])
2.8613 	EXP 	Created red = Rect(autoDraw=False, autoLog=True, closeShape=True, contrast=1.0, depth=-2.0, fillColor=array([ 1.,  0.,  0.]), fillColorSpace='rgb', fillRGB=array([ 1.,  0.,  0.]), interpolate=True, lineColor=array([ 1.,  1.,  1.]), lineColorSpace='rgb', lineRGB=array([ 1.,  1.,  1.]), lineWidth=1, name='red', opacity=1.0, ori=array(0.0), pos=array([-0.5,  0. ]), size=array([ 1.,  1.]), units=u'norm', vertices=ndarray(...), win=Window(...))
2.8617 	EXP 	<method-wrapper '__getattribute__' of attributeSetter object at 0x06DF4E90>: vertices = array([[-0.5,  0.5],
       [ 0.5,  0.5],
       [ 0.5, -0.5],
       [-0.5, -0.5]])
2.8635 	EXP 	Created rewardState = Rect(autoDraw=False, autoLog=True, closeShape=True, contrast=1.0, depth=0.0, fillColor=array([ 0.,  0.,  1.]), fillColorSpace='rgb', fillRGB=array([ 0.,  0.,  1.]), interpolate=True, lineColor=array([ 1.,  1.,  1.]), lineColorSpace='rgb', lineRGB=array([ 1.,  1.,  1.]), lineWidth=1, name='rewardState', opacity=1.0, ori=array(0.0), pos=array([ 0.,  0.]), size=array([ 1.,  1.]), units=u'norm', vertices=ndarray(...), win=Window(...))
2.8638 	EXP 	Created sequence: random, trialTypes=1, nReps=4, seed=None
2.8640 	EXP 	New trial (rep=0, index=0): None
2.8878 	EXP 	green: autoDraw = True
2.8878 	EXP 	red: autoDraw = True
4.1704 	DATA 	Mouse: Left button down, pos=(1318,592)
4.1866 	EXP 	green: autoDraw = False
4.1866 	EXP 	red: autoDraw = False
4.1866 	EXP 	rewardState: autoDraw = True
4.2205 	DATA 	Mouse:  Left button up, pos=(1318,592)
5.1705 	EXP 	New trial (rep=1, index=0): None
5.1866 	EXP 	rewardState: autoDraw = False
5.1866 	EXP 	rewardState: autoDraw = False
5.1866 	EXP 	green: autoDraw = True
5.1866 	EXP 	red: autoDraw = True
5.3704 	DATA 	Mouse: Left button down, pos=(1320,591)
5.3866 	EXP 	green: autoDraw = False
5.3866 	EXP 	red: autoDraw = False
5.3866 	EXP 	rewardState: autoDraw = True
5.4367 	DATA 	Mouse:  Left button up, pos=(1320,591)
6.3704 	EXP 	New trial (rep=2, index=0): None
6.3866 	EXP 	rewardState: autoDraw = False
6.3866 	EXP 	rewardState: autoDraw = False
6.3866 	EXP 	green: autoDraw = True
6.3866 	EXP 	red: autoDraw = True
6.5368 	DATA 	Mouse: Left button down, pos=(1320,591)
6.5534 	EXP 	green: autoDraw = False
6.5534 	EXP 	red: autoDraw = False
6.5534 	EXP 	rewardState: autoDraw = True
6.6035 	DATA 	Mouse:  Left button up, pos=(1320,591)
7.5369 	EXP 	New trial (rep=3, index=0): None
7.5534 	EXP 	rewardState: autoDraw = False
7.5534 	EXP 	rewardState: autoDraw = False
7.5534 	EXP 	green: autoDraw = True
7.5534 	EXP 	red: autoDraw = True
7.7371 	DATA 	Mouse: Left button down, pos=(1320,590)
7.7534 	EXP 	green: autoDraw = False
7.7534 	EXP 	red: autoDraw = False
7.7534 	EXP 	rewardState: autoDraw = True
7.8035 	DATA 	Mouse:  Left button up, pos=(1320,590)
8.7393 	EXP 	window1: mouseVisible = True
1.6243 	WARNING 	pygame audio lib was requested but not loaded: No module named pygame
1.7155 	WARNING 	Requested pygame backend but pygame ,is not installed or not fully working
2.5246 	EXP 	Created window1 = Window(allowGUI=False, allowStencil=False, autoLog=True, bitsMode=UNKNOWN, blendMode='avg', color=array([-1., -1., -1.]), colorSpace='rgb', fullscr=UNKNOWN, gamma=None, lms=UNKNOWN, monitor=<psychopy.monitors.calibTools.Monitor object at 0x13B373F0>, name='window1', pos=[0, 0], screen=0, size=array([1920, 1080]), stereo=False, units=u'norm', useFBO=True, useRetina=False, viewOri=0.0, viewPos=None, viewScale=None, waitBlanking=True, winType='pyglet')
2.5246 	EXP 	window1: recordFrameIntervals = False
2.6905 	EXP 	window1: recordFrameIntervals = True
2.8741 	EXP 	window1: recordFrameIntervals = False
2.8777 	EXP 	<method-wrapper '__getattribute__' of attributeSetter object at 0x06FD3E90>: vertices = array([[-0.5,  1. ],
       [ 0.5,  1. ],
       [ 0.5, -1. ],
       [-0.5, -1. ]])
2.8795 	EXP 	Created green = Rect(autoDraw=False, autoLog=True, closeShape=True, contrast=1.0, depth=0.0, fillColor=array([ 0.,  1.,  0.]), fillColorSpace='rgb', fillRGB=array([ 0.,  1.,  0.]), interpolate=True, lineColor=array([-1., -1., -1.]), lineColorSpace='rgb', lineRGB=array([-1., -1., -1.]), lineWidth=1, name='green', opacity=1.0, ori=array(0.0), pos=array([ 0.5,  0. ]), size=array([ 1.,  1.]), units=u'norm', vertices=ndarray(...), win=Window(...))
2.8801 	EXP 	<method-wrapper '__getattribute__' of attributeSetter object at 0x06FD3E90>: vertices = array([[-0.5,  1. ],
       [ 0.5,  1. ],
       [ 0.5, -1. ],
       [-0.5, -1. ]])
2.8818 	EXP 	Created red = Rect(autoDraw=False, autoLog=True, closeShape=True, contrast=1.0, depth=-2.0, fillColor=array([ 1.,  0.,  0.]), fillColorSpace='rgb', fillRGB=array([ 1.,  0.,  0.]), interpolate=True, lineColor=array([ 1.,  1.,  1.]), lineColorSpace='rgb', lineRGB=array([ 1.,  1.,  1.]), lineWidth=1, name='red', opacity=1.0, ori=array(0.0), pos=array([-0.5,  0. ]), size=array([ 1.,  1.]), units=u'norm', vertices=ndarray(...), win=Window(...))
2.8821 	EXP 	<method-wrapper '__getattribute__' of attributeSetter object at 0x06FD3E90>: vertices = array([[-0.5,  0.5],
       [ 0.5,  0.5],
       [ 0.5, -0.5],
       [-0.5, -0.5]])
2.8837 	EXP 	Created rewardState = Rect(autoDraw=False, autoLog=True, closeShape=True, contrast=1.0, depth=0.0, fillColor=array([ 0.,  0.,  1.]), fillColorSpace='rgb', fillRGB=array([ 0.,  0.,  1.]), interpolate=True, lineColor=array([ 1.,  1.,  1.]), lineColorSpace='rgb', lineRGB=array([ 1.,  1.,  1.]), lineWidth=1, name='rewardState', opacity=1.0, ori=array(0.0), pos=array([ 0.,  0.]), size=array([ 1.,  1.]), units=u'norm', vertices=ndarray(...), win=Window(...))
2.8839 	EXP 	Created sequence: random, trialTypes=1, nReps=4, seed=None
2.8841 	EXP 	New trial (rep=0, index=0): None
2.9069 	EXP 	green: autoDraw = True
2.9069 	EXP 	red: autoDraw = True
5.3573 	DATA 	Mouse: Left button down, pos=(1160,575)
5.3739 	EXP 	green: autoDraw = False
5.3739 	EXP 	red: autoDraw = False
5.3739 	EXP 	rewardState: autoDraw = True
5.4240 	DATA 	Mouse:  Left button up, pos=(1160,575)
6.3575 	EXP 	New trial (rep=1, index=0): None
6.3735 	EXP 	rewardState: autoDraw = False
6.3735 	EXP 	rewardState: autoDraw = False
6.3735 	EXP 	green: autoDraw = True
6.3735 	EXP 	red: autoDraw = True
6.6072 	DATA 	Mouse: Left button down, pos=(813,661)
6.6235 	EXP 	green: autoDraw = False
6.6235 	EXP 	red: autoDraw = False
6.6235 	EXP 	rewardState: autoDraw = True
6.6735 	DATA 	Mouse:  Left button up, pos=(813,661)
7.6073 	EXP 	New trial (rep=2, index=0): None
7.6234 	EXP 	rewardState: autoDraw = False
7.6234 	EXP 	rewardState: autoDraw = False
7.6234 	EXP 	green: autoDraw = True
7.6234 	EXP 	red: autoDraw = True
7.8406 	DATA 	Mouse: Left button down, pos=(1137,673)
7.8571 	EXP 	green: autoDraw = False
7.8571 	EXP 	red: autoDraw = False
7.8571 	EXP 	rewardState: autoDraw = True
7.9073 	DATA 	Mouse:  Left button up, pos=(1137,673)
8.8406 	EXP 	New trial (rep=3, index=0): None
8.8571 	EXP 	rewardState: autoDraw = False
8.8571 	EXP 	rewardState: autoDraw = False
8.8571 	EXP 	green: autoDraw = True
8.8571 	EXP 	red: autoDraw = True
9.0573 	DATA 	Mouse: Left button down, pos=(1137,673)
9.0739 	EXP 	green: autoDraw = False
9.0739 	EXP 	red: autoDraw = False
9.0739 	EXP 	rewardState: autoDraw = True
9.1236 	DATA 	Mouse:  Left button up, pos=(1137,673)
10.0610 	EXP 	window1: mouseVisible = True
